<?xml version="1.0" encoding="UTF-8"?>
<!-- Generated by org.testng.reporters.JUnitReportReporter -->
<testsuite skipped="0" hostname="LAPTOP-PHSRI9H9" name="com.comparator.testCases.TC_CompareApi" tests="1" failures="0" timestamp="2020-10-12T13:25:45 IST" time="11.055" errors="0">
  <testcase name="compareApi" time="11.055" classname="com.comparator.testCases.TC_CompareApi"/>
  <system-out/>
</testsuite> <!-- com.comparator.testCases.TC_CompareApi -->
